<?xml version="1.0" encoding="UTF-8"?>
<testng-results ignored="0" total="1" passed="1" failed="0" skipped="0">
  <reporter-output>
  </reporter-output>
  <suite started-at="2024-06-06T16:06:29Z" name="Surefire suite" finished-at="2024-06-06T16:06:29Z" duration-ms="21">
    <groups>
    </groups>
    <test started-at="2024-06-06T16:06:29Z" name="Surefire test" finished-at="2024-06-06T16:06:29Z" duration-ms="21">
      <class name="SeleniumDEMO2.Demo.AppTest">
        <test-method signature="testApp()[pri:0, instance:testApp(SeleniumDEMO2.Demo.AppTest)]" started-at="2024-06-06T16:06:29Z" name="testApp" finished-at="2024-06-06T16:06:29Z" duration-ms="4" status="PASS">
          <reporter-output>
          </reporter-output>
        </test-method> <!-- testApp -->
      </class> <!-- SeleniumDEMO2.Demo.AppTest -->
    </test> <!-- Surefire test -->
  </suite> <!-- Surefire suite -->
</testng-results>
