<?xml version="1.0" encoding="UTF-8"?>
<testng-results ignored="0" total="2" passed="2" failed="0" skipped="0">
  <reporter-output>
  </reporter-output>
  <suite started-at="2024-06-06T16:04:18Z" name="Surefire suite" finished-at="2024-06-06T16:06:28Z" duration-ms="130619">
    <groups>
    </groups>
    <test started-at="2024-06-06T16:04:18Z" name="Surefire test" finished-at="2024-06-06T16:06:28Z" duration-ms="130619">
      <class name="SeleniumDEMO2.Demo.Test1">
        <test-method signature="f()[pri:0, instance:SeleniumDEMO2.Demo.Test1@7181ae3f]" started-at="2024-06-06T16:04:18Z" name="f" finished-at="2024-06-06T16:05:04Z" duration-ms="46480" status="PASS">
          <reporter-output>
          </reporter-output>
        </test-method> <!-- f -->
      </class> <!-- SeleniumDEMO2.Demo.Test1 -->
      <class name="SeleniumDEMO2.Demo.Test2">
        <test-method signature="f()[pri:0, instance:SeleniumDEMO2.Demo.Test2@46238e3f]" started-at="2024-06-06T16:05:04Z" name="f" finished-at="2024-06-06T16:06:28Z" duration-ms="84099" status="PASS">
          <reporter-output>
          </reporter-output>
        </test-method> <!-- f -->
      </class> <!-- SeleniumDEMO2.Demo.Test2 -->
    </test> <!-- Surefire test -->
  </suite> <!-- Surefire suite -->
</testng-results>
