<?xml version="1.0" encoding="UTF-8"?>
<testsuite xmlns:xsi="http://www.w3.org/2001/XMLSchema-instance" xsi:noNamespaceSchemaLocation="https://maven.apache.org/surefire/maven-surefire-plugin/xsd/surefire-test-report-3.0.xsd" version="3.0" name="TestSuite" time="131.441" tests="3" errors="0" skipped="0" failures="0">
  <properties>
[...]
</properties>
  <testcase name="f" classname="SeleniumDEMO2.Demo.Test1" time="46.468">
    <system-err><![CDATA[Jun 06, 2024 9:34:22 PM org.openqa.selenium.devtools.CdpVersionFinder findNearestMatch
WARNING: Unable to find an exact match for CDP version 125, returning the closest version; found: 123; Please update to a Selenium version that supports CDP version 125
]]></system-err>
  </testcase>
  <testcase name="f" classname="SeleniumDEMO2.Demo.Test2" time="84.098">
    <system-err><![CDATA[Jun 06, 2024 9:35:07 PM org.openqa.selenium.devtools.CdpVersionFinder findNearestMatch
WARNING: Unable to find an exact match for CDP version 125, returning the closest version; found: 123; Please update to a Selenium version that supports CDP version 125
]]></system-err>
  </testcase>
  <testcase name="testApp on testApp(SeleniumDEMO2.Demo.AppTest)" classname="SeleniumDEMO2.Demo.AppTest" time="84.383"/>
</testsuite>